su root sjtu
!!!  1
select 978-1-972437-83-4
modify -name="lime" -author="MonicaZavala" -keyword="withheld|lordosis|Watkins" -price=83.16
select 978-1-972437-83-4
modify -name="pastor" -author="NathanielOdom" -price=264.45
passwd root RkLFx9MgS77UoZaZDG62XxYiqj
import 7 1860.11
passwd root PKX4ga2
import 3 334.11
import 20 132.62
useradd UIrD rIKN1Ab7TI6yRrkJ 3 ShannonJohnson
logout
su UIrD rIKN1Ab7TI6yRrkJ
!!!  1
logout
su root PKX4ga2
!!!  1
select 978-0-346-59823-2
modify -name="syllabic" -author="JefferyHill" -keyword="denizen|bianco" -price=340.67
delete UIrD
useradd 7oIKBlyCuw97mLQ6 pl3eFzsTyyraF7TDaoy7R3iPEd 3 VanessaBass
useradd LKwFjGp3YmltgCD9q0uS5B4najrne8 OJwQF57JAlmabWu07 1 WendyYork
useradd OUaToSqhk irhYSjtF 3 EthanWalker
import 1 245.94
select 978-1-261-59338-8
modify -name="sausage" -author="RavenHancock" -keyword="lordosis|purslane" -price=416.63
delete OUaToSqhk
select 978-0-88211-570-2
modify -name="category" -author="AmandaDean" -keyword="frigate|hiatus|Syria" -price=311.12
select 978-0-346-59823-2
modify -price=323.72
import 19 3462.03
useradd JVCr45Vfw9 Z 1 PatriciaHernandez
useradd nkIt8LYyGrMvDX O 3 RobynRivas
useradd YUIZW1qcYKCM r 3 TashaAdams
select 978-1-4693-2357-2
modify -name="poultry" -author="RavenHancock" -keyword="bianco" -price=342.19
logout
select 978-1-4693-2357-2
Invalid
modify -author="RavenHancock" -price=283.30
Invalid
register zSHHShLY1OI8rEPSK_DQNwXO Y_265eernCwh MartinRodriguez
su root PKX4ga2
!!!  1
logout
select 978-0-04-724155-0
Invalid
modify -name="beechwood" -author="TiffanyBrown" -keyword="frigate|incessant|bianco|grandniece|purslane" -price=168.70
Invalid
select 978-1-4693-2357-2
Invalid
modify -name="coccidiosis" -author="TiffanyBrown" -keyword="tulle" -price=127.69
Invalid
select 978-1-261-59338-8
Invalid
modify -name="inapproachable" -author="MonicaZavala" -keyword="frigate|lordosis|douse" -price=456.65
Invalid
su 7oIKBlyCuw97mLQ6 pl3eFzsTyyraF7TDaoy7R3iPEd
!!!  1
select 978-1-57076-066-2
modify -name="profile" -author="RavenHancock" -keyword="bianco|hiatus" -price=245.51
import 2 71.08
useradd 9Ar_ezr v 1 EmilyGreen
logout
register OsotwBv5yNn_S8DfZAdOMed b8AMr5EwUA_JuTydTnH5ckwCb6S AmandaSantiago
register gYW6zwXhseF88tagFjIdgkSI2Sy XWA1sC3EU_uzGqNZGy30H LoriBlackburn
register RIX8FIqAkafjPS93y6_Sc4uOz UXxa3Jkfu ChristopherMcfarland
select 978-1-4466-7829-9
Invalid
modify -name="sprue" -author="RavenHancock" -keyword="Syria" -price=473.74
Invalid
su 9Ar_ezr v
!!!  1
buy 978-1-57076-066-2 1
2
245.51
logout
su root PKX4ga2
!!!  1
delete YUIZW1qcYKCM
passwd gYW6zwXhseF88tagFjIdgkSI2Sy LUkesnoxpc5ztn86tBq4w27eHFM1
select 978-1-4693-2357-2
import 9 968.59
passwd zSHHShLY1OI8rEPSK_DQNwXO SvLTf
select 978-0-641-43198-2
modify -name="not" -author="MckenzieWhite" -keyword="Syria|tulle|frigate|hiatus" -price=359.46
passwd LKwFjGp3YmltgCD9q0uS5B4najrne8 DNnVQjHwTvOF
select 978-1-972437-83-4
modify -name="Algenib" -author="RavenHancock" -price=141.68
select 978-1-59466-314-7
modify -name="framework" -author="MckenzieWhite" -keyword="hiatus|purslane" -price=77.27
delete 7oIKBlyCuw97mLQ6
useradd UlIpSmNA2O 0QcgTMJ_wj_av3l 1 MichaelOsborne
select 978-1-972437-83-4
modify -author="TiffanyBrown" -keyword="Syria|purslane|denizen"
select 978-1-261-59338-8
modify -name="Methuselah" -keyword="hiatus|grandniece|incessant|tulle|Syria" -price=250.79
logout
register BHoe6QATTCN2dpznHX5ko5YKl IEh AprilGarcia
su nkIt8LYyGrMvDX O
!!!  1
select 978-1-57076-066-2
modify -author="MckenzieWhite" -keyword="Syria|bianco"
useradd TonZqtseoVxvJSZtsx3Ou cJGo6is7bLgZsV0bTkY 1 AmandaZhang
useradd 2HqSjyyVXj1XtJn CV6zznKl8T7LaZ 1 ShannonGill
logout
su UlIpSmNA2O 0QcgTMJ_wj_av3l
!!!  1
buy 978-0-346-59823-2 1
20
323.72
buy 978-0-88211-570-2 1
Invalid
select 978-1-261-59338-8
Invalid
modify -name="dear" -keyword="purslane|greenwood|withheld|hiatus"
Invalid
buy 978-0-88211-570-2 1
Invalid
passwd UlIpSmNA2O 0QcgTMJ_wj_av3l uD5HImkio
show -ISBN=978-0-641-43198-2
978-0-641-43198-2	not	MckenzieWhite	Syria|tulle|frigate|hiatus	359.46	0
passwd UlIpSmNA2O uD5HImkio oXPm
passwd UlIpSmNA2O oXPm i5dN2czJI9PpfQtI4igSJ
show -ISBN=978-1-4693-2357-2
978-1-4693-2357-2	poultry	RavenHancock	bianco	342.19	9
select 978-1-972437-83-4
Invalid
modify -author="TiffanyBrown" -price=434.43
Invalid
show -author="MckenzieWhite"
978-0-641-43198-2	not	MckenzieWhite	Syria|tulle|frigate|hiatus	359.46	0
978-1-57076-066-2	profile	MckenzieWhite	Syria|bianco	245.51	1
978-1-59466-314-7	framework	MckenzieWhite	hiatus|purslane	77.27	0
select 978-0-514-80251-2
Invalid
modify -name="Magdalene" -author="JefferyHill" -keyword="greenwood" -price=326.77
Invalid
buy 978-0-641-43198-2 1
Invalid
logout
select 978-1-57076-066-2
Invalid
modify -name="scrape" -author="JonathanAdams" -keyword="bianco|frigate|hiatus"
Invalid
select 978-1-972437-83-4
Invalid
modify -name="Thorpe" -author="ZacharySilva" -keyword="Watkins|lordosis|incessant" -price=132.79
Invalid
select 978-0-342-92615-2
Invalid
modify -name="emigree" -author="NathanielOdom" -keyword="lordosis|greenwood" -price=4.48
Invalid
su TonZqtseoVxvJSZtsx3Ou cJGo6is7bLgZsV0bTkY
!!!  1
select 978-0-346-59823-2
Invalid
modify -price=382.05
Invalid
